<?xml version="1.0" encoding="UTF-8"?>
<!-- Generated by org.testng.reporters.JUnitReportReporter -->
<testsuite hostname="Santosh" failures="0" tests="1" name="Aug25.ExcelReadData" time="1.475" errors="0" timestamp="2025-08-26T19:36:03 IST" skipped="0">
  <testcase classname="Aug25.ExcelReadData" name="setup" time="1.475"/>
</testsuite> <!-- Aug25.ExcelReadData -->
