<?xml version="1.0" encoding="UTF-8"?>
<!-- Generated by org.testng.reporters.JUnitReportReporter -->
<testsuite hostname="Santosh" failures="0" tests="1" name="Aug25.OrangeHrm" time="2.758" errors="0" timestamp="2025-08-28T12:16:47 IST" skipped="0">
  <testcase classname="Aug25.OrangeHrm" name="login" time="2.758"/>
</testsuite> <!-- Aug25.OrangeHrm -->
