<?xml version="1.0" encoding="UTF-8"?>
<!-- Generated by org.testng.reporters.JUnitReportReporter -->
<testsuite hostname="Santosh" failures="0" tests="1" name="Qedge.TestNG_Project.App" time="0.007" errors="0" timestamp="2025-08-25T17:10:32 IST" skipped="0">
  <testcase classname="Qedge.TestNG_Project.App" name="m222" time="0.007"/>
</testsuite> <!-- Qedge.TestNG_Project.App -->
