<?xml version="1.0" encoding="UTF-8"?>
<!-- Generated by org.testng.reporters.JUnitReportReporter -->
<testsuite hostname="Santosh" failures="0" tests="12" name="Aug25.DataProviderExp" time="35.935" errors="0" timestamp="2025-08-26T09:49:56 IST" skipped="0">
  <testcase classname="Aug25.DataProviderExp" name="AdminLogin" time="2.879"/>
  <testcase classname="Aug25.DataProviderExp" name="AdminLogin" time="3.964"/>
  <testcase classname="Aug25.DataProviderExp" name="AdminLogin" time="2.347"/>
  <testcase classname="Aug25.DataProviderExp" name="AdminLogin" time="3.281"/>
  <testcase classname="Aug25.DataProviderExp" name="AdminLogin" time="2.425"/>
  <testcase classname="Aug25.DataProviderExp" name="AdminLogin" time="2.201"/>
  <testcase classname="Aug25.DataProviderExp" name="AdminLogin" time="5.332"/>
  <testcase classname="Aug25.DataProviderExp" name="AdminLogin" time="3.078"/>
  <testcase classname="Aug25.DataProviderExp" name="AdminLogin" time="3.736"/>
  <testcase classname="Aug25.DataProviderExp" name="AdminLogin" time="2.372"/>
  <testcase classname="Aug25.DataProviderExp" name="AdminLogin" time="2.222"/>
  <testcase classname="Aug25.DataProviderExp" name="AdminLogin" time="2.098"/>
</testsuite> <!-- Aug25.DataProviderExp -->
