<?xml version="1.0" encoding="UTF-8"?>
<!-- Generated by org.testng.reporters.JUnitReportReporter -->
<testsuite hostname="Santosh" failures="0" tests="5" name="Aug25.DemoTestcases" time="0.036" errors="0" timestamp="2025-08-26T09:17:22 IST" skipped="0">
  <testcase classname="Aug25.DemoTestcases" name="m2" time="0.003"/>
  <testcase classname="Aug25.DemoTestcases" name="m3" time="0.004"/>
  <testcase classname="Aug25.DemoTestcases" name="m1" time="0.024"/>
  <testcase classname="Aug25.DemoTestcases" name="m4" time="0.002"/>
  <testcase classname="Aug25.DemoTestcases" name="m5" time="0.003"/>
</testsuite> <!-- Aug25.DemoTestcases -->
