<?xml version="1.0" encoding="UTF-8"?>
<!-- Generated by org.testng.reporters.JUnitReportReporter -->
<testsuite hostname="Santosh" failures="0" tests="5" name="Aug25.DataproviderwithExcelDemo" time="16.366" errors="0" timestamp="2025-08-27T10:00:54 IST" skipped="0">
  <testcase classname="Aug25.DataproviderwithExcelDemo" name="AdminLogin" time="2.974"/>
  <testcase classname="Aug25.DataproviderwithExcelDemo" name="AdminLogin" time="2.879"/>
  <testcase classname="Aug25.DataproviderwithExcelDemo" name="AdminLogin" time="4.307"/>
  <testcase classname="Aug25.DataproviderwithExcelDemo" name="AdminLogin" time="3.343"/>
  <testcase classname="Aug25.DataproviderwithExcelDemo" name="AdminLogin" time="2.863"/>
</testsuite> <!-- Aug25.DataproviderwithExcelDemo -->
