<?xml version="1.0" encoding="UTF-8"?>
<!-- Generated by org.testng.reporters.JUnitReportReporter -->
<testsuite hostname="Santosh" failures="0" tests="1" name="Aug25.test1" time="0.025" errors="0" timestamp="2025-08-26T19:17:05 IST" skipped="0">
  <testcase classname="Aug25.test1" name="test1" time="0.025"/>
</testsuite> <!-- Aug25.test1 -->
